<?xml version="1.0" encoding="UTF-8"?>
<beans xmlns="http://www.springframework.org/schema/beans"
	xmlns:xsi="http://www.w3.org/2001/XMLSchema-instance" xmlns:p="http://www.springframework.org/schema/p"
	xmlns:context="http://www.springframework.org/schema/context"
	xmlns:aop="http://www.springframework.org/schema/aop" xmlns:tx="http://www.springframework.org/schema/tx"
	xsi:schemaLocation=" http://www.springframework.org/schema/beans http://www.springframework.org/schema/beans/spring-beans-3.2.xsd 
	http://www.springframework.org/schema/aop http://www.springframework.org/schema/aop/spring-aop-3.2.xsd 
	http://www.springframework.org/schema/tx http://www.springframework.org/schema/tx/spring-tx-3.2.xsd
	http://www.springframework.org/schema/context http://www.springframework.org/schema/context/spring-context-3.2.xsd">
    
    <bean id="testQuartz" class="hcho.nsfw.complain.TestQuartz"></bean>
    
    <!-- 配置任务详细信息 -->
    <bean id="testJobDetail1" class="org.springframework.scheduling.quartz.MethodInvokingJobDetailFactoryBean">
    	<property name="targetObject" ref="testQuartz"></property>
    	<property name="targetMethod" value="doSimpleTrigger"></property>
    	<property name="concurrent" value="false"></property>
    </bean>
    <bean id="testJobDetail2" class="org.springframework.scheduling.quartz.MethodInvokingJobDetailFactoryBean">
    	<property name="targetObject" ref="testQuartz"></property>
    	<property name="targetMethod" value="doCronTrigger"></property>
    	<property name="concurrent" value="false"></property>
    </bean>
    
    <!-- 配置触发器 -->
    <bean id="testSimpleTrigger" class="org.springframework.scheduling.quartz.SimpleTriggerFactoryBean">
    	<!-- 简单触发器 -->
    	<property name="jobDetail" ref="testJobDetail1"></property>
    	<!-- 设置 延迟3秒开始执行 -->
    	<property name="startDelay" value="3000"></property>
    	<!-- 设置重复执行频率  3秒 -->
    	<property name="repeatInterval" value="3000"></property>
    </bean>
    <bean id="testCronTrigger" class="org.springframework.scheduling.quartz.CronTriggerFactoryBean">
    	<!-- 配置计划任务触发器 -->
    	<property name="jobDetail" ref="testJobDetail2"></property>
    	<!-- 配置任务执行表达式 -->
    	<property name="cronExpression" value="0/2 * * * * ?"></property>
    </bean>
    
    <!-- 配置调度工厂  注入触发器 -->
    <bean id="schedulerFactoryBean" class="org.springframework.scheduling.quartz.SchedulerFactoryBean">
    	<property name="triggers">
    		<list>
    			<!-- <ref bean="testSimpleTrigger"/>
    			<ref bean="testCronTrigger"/> -->
    		</list>
    	</property>
    </bean>
</beans>
